[2024-11-08T10:21:48.166+0000] {taskinstance.py:1979} INFO - Dependencies all met for dep_context=non-requeueable deps ti=<TaskInstance: etl_csv_file.send_data_to_elastich_search manual__2024-11-08T10:21:34.685989+00:00 [queued]>
[2024-11-08T10:21:48.407+0000] {taskinstance.py:1979} INFO - Dependencies all met for dep_context=requeueable deps ti=<TaskInstance: etl_csv_file.send_data_to_elastich_search manual__2024-11-08T10:21:34.685989+00:00 [queued]>
[2024-11-08T10:21:48.408+0000] {taskinstance.py:2193} INFO - Starting attempt 1 of 1
[2024-11-08T10:21:48.456+0000] {taskinstance.py:2217} INFO - Executing <Task(_PythonDecoratedOperator): send_data_to_elastich_search> on 2024-11-08 10:21:34.685989+00:00
[2024-11-08T10:21:48.467+0000] {standard_task_runner.py:60} INFO - Started process 195 to run task
[2024-11-08T10:21:48.481+0000] {standard_task_runner.py:87} INFO - Running: ['airflow', 'tasks', 'run', 'etl_csv_file', 'send_data_to_elastich_search', 'manual__2024-11-08T10:21:34.685989+00:00', '--job-id', '17', '--raw', '--subdir', 'DAGS_FOLDER/etl_csv_file.py', '--cfg-path', '/tmp/tmp5yts302a']
[2024-11-08T10:21:48.486+0000] {standard_task_runner.py:88} INFO - Job 17: Subtask send_data_to_elastich_search
[2024-11-08T10:21:48.592+0000] {task_command.py:423} INFO - Running <TaskInstance: etl_csv_file.send_data_to_elastich_search manual__2024-11-08T10:21:34.685989+00:00 [running]> on host efe6839ec606
[2024-11-08T10:21:48.742+0000] {taskinstance.py:2513} INFO - Exporting env vars: AIRFLOW_CTX_DAG_OWNER='Satrio' AIRFLOW_CTX_DAG_ID='etl_csv_file' AIRFLOW_CTX_TASK_ID='send_data_to_elastich_search' AIRFLOW_CTX_EXECUTION_DATE='2024-11-08T10:21:34.685989+00:00' AIRFLOW_CTX_TRY_NUMBER='1' AIRFLOW_CTX_DAG_RUN_ID='manual__2024-11-08T10:21:34.685989+00:00'
[2024-11-08T10:21:50.305+0000] {_transport.py:335} INFO - PUT http://elasticsearch-m3:9200/_bulk [status:200 duration:1.072s]
[2024-11-08T10:21:51.034+0000] {logging_mixin.py:188} WARNING - /opt/airflow/dags/etl_csv_file.py:100 ElasticsearchWarning: [types removal] Specifying types in bulk requests is deprecated.
[2024-11-08T10:21:51.723+0000] {_transport.py:335} INFO - PUT http://elasticsearch-m3:9200/_bulk [status:200 duration:0.649s]
[2024-11-08T10:21:52.002+0000] {_transport.py:335} INFO - PUT http://elasticsearch-m3:9200/_bulk [status:200 duration:0.228s]
[2024-11-08T10:21:52.270+0000] {_transport.py:335} INFO - PUT http://elasticsearch-m3:9200/_bulk [status:200 duration:0.217s]
[2024-11-08T10:21:52.732+0000] {_transport.py:335} INFO - PUT http://elasticsearch-m3:9200/_bulk [status:200 duration:0.403s]
[2024-11-08T10:21:53.149+0000] {_transport.py:335} INFO - PUT http://elasticsearch-m3:9200/_bulk [status:200 duration:0.341s]
[2024-11-08T10:21:53.668+0000] {_transport.py:335} INFO - PUT http://elasticsearch-m3:9200/_bulk [status:200 duration:0.436s]
[2024-11-08T10:21:54.162+0000] {_transport.py:335} INFO - PUT http://elasticsearch-m3:9200/_bulk [status:200 duration:0.404s]
[2024-11-08T10:21:54.751+0000] {_transport.py:335} INFO - PUT http://elasticsearch-m3:9200/_bulk [status:200 duration:0.523s]
[2024-11-08T10:21:55.362+0000] {_transport.py:335} INFO - PUT http://elasticsearch-m3:9200/_bulk [status:200 duration:0.452s]
[2024-11-08T10:21:55.747+0000] {_transport.py:335} INFO - PUT http://elasticsearch-m3:9200/_bulk [status:200 duration:0.217s]
[2024-11-08T10:21:56.048+0000] {_transport.py:335} INFO - PUT http://elasticsearch-m3:9200/_bulk [status:200 duration:0.248s]
[2024-11-08T10:21:56.236+0000] {_transport.py:335} INFO - PUT http://elasticsearch-m3:9200/_bulk [status:200 duration:0.125s]
[2024-11-08T10:21:56.513+0000] {_transport.py:335} INFO - PUT http://elasticsearch-m3:9200/_bulk [status:200 duration:0.229s]
[2024-11-08T10:21:56.813+0000] {_transport.py:335} INFO - PUT http://elasticsearch-m3:9200/_bulk [status:200 duration:0.215s]
[2024-11-08T10:21:57.065+0000] {_transport.py:335} INFO - PUT http://elasticsearch-m3:9200/_bulk [status:200 duration:0.178s]
[2024-11-08T10:21:57.209+0000] {_transport.py:335} INFO - PUT http://elasticsearch-m3:9200/_bulk [status:200 duration:0.100s]
[2024-11-08T10:21:57.353+0000] {_transport.py:335} INFO - PUT http://elasticsearch-m3:9200/_bulk [status:200 duration:0.105s]
[2024-11-08T10:21:57.574+0000] {_transport.py:335} INFO - PUT http://elasticsearch-m3:9200/_bulk [status:200 duration:0.177s]
[2024-11-08T10:21:57.638+0000] {_transport.py:335} INFO - PUT http://elasticsearch-m3:9200/_bulk [status:200 duration:0.040s]
[2024-11-08T10:21:57.659+0000] {python.py:202} INFO - Done. Returned value was: None
[2024-11-08T10:21:57.677+0000] {taskinstance.py:1149} INFO - Marking task as SUCCESS. dag_id=etl_csv_file, task_id=send_data_to_elastich_search, execution_date=20241108T102134, start_date=20241108T102148, end_date=20241108T102157
[2024-11-08T10:21:57.754+0000] {local_task_job_runner.py:234} INFO - Task exited with return code 0
[2024-11-08T10:21:57.815+0000] {taskinstance.py:3312} INFO - 0 downstream tasks scheduled from follow-on schedule check
