[2024-11-08T08:56:09.130+0000] {taskinstance.py:1979} INFO - Dependencies all met for dep_context=non-requeueable deps ti=<TaskInstance: etl_csv_file.read_local_csv manual__2024-11-08T08:56:04.522944+00:00 [queued]>
[2024-11-08T08:56:09.144+0000] {taskinstance.py:1979} INFO - Dependencies all met for dep_context=requeueable deps ti=<TaskInstance: etl_csv_file.read_local_csv manual__2024-11-08T08:56:04.522944+00:00 [queued]>
[2024-11-08T08:56:09.145+0000] {taskinstance.py:2193} INFO - Starting attempt 1 of 1
[2024-11-08T08:56:09.192+0000] {taskinstance.py:2217} INFO - Executing <Task(_PythonDecoratedOperator): read_local_csv> on 2024-11-08 08:56:04.522944+00:00
[2024-11-08T08:56:09.199+0000] {standard_task_runner.py:60} INFO - Started process 193 to run task
[2024-11-08T08:56:09.203+0000] {standard_task_runner.py:87} INFO - Running: ['airflow', 'tasks', 'run', 'etl_csv_file', 'read_local_csv', 'manual__2024-11-08T08:56:04.522944+00:00', '--job-id', '2', '--raw', '--subdir', 'DAGS_FOLDER/etl_csv_file.py', '--cfg-path', '/tmp/tmpyk7_y7os']
[2024-11-08T08:56:09.206+0000] {standard_task_runner.py:88} INFO - Job 2: Subtask read_local_csv
[2024-11-08T08:56:09.300+0000] {task_command.py:423} INFO - Running <TaskInstance: etl_csv_file.read_local_csv manual__2024-11-08T08:56:04.522944+00:00 [running]> on host f66859b21ee4
[2024-11-08T08:56:09.427+0000] {taskinstance.py:2513} INFO - Exporting env vars: AIRFLOW_CTX_DAG_OWNER='Satrio' AIRFLOW_CTX_DAG_ID='etl_csv_file' AIRFLOW_CTX_TASK_ID='read_local_csv' AIRFLOW_CTX_EXECUTION_DATE='2024-11-08T08:56:04.522944+00:00' AIRFLOW_CTX_TRY_NUMBER='1' AIRFLOW_CTX_DAG_RUN_ID='manual__2024-11-08T08:56:04.522944+00:00'
[2024-11-08T08:56:09.504+0000] {logging_mixin.py:188} INFO - Sample data :
[2024-11-08T08:56:09.563+0000] {logging_mixin.py:188} INFO -    Unnamed: 0  Invoice Id  ... Operating Margin  Sales Method
0           0           1  ...               50      In-store
1           1           2  ...               30      In-store
2           2           3  ...               35      In-store
3           3           4  ...               35      In-store
4           4           5  ...               30      In-store

[5 rows x 15 columns]
[2024-11-08T08:56:09.818+0000] {python.py:202} INFO - Done. Returned value was: None
[2024-11-08T08:56:09.852+0000] {taskinstance.py:1149} INFO - Marking task as SUCCESS. dag_id=etl_csv_file, task_id=read_local_csv, execution_date=20241108T085604, start_date=20241108T085609, end_date=20241108T085609
[2024-11-08T08:56:09.992+0000] {local_task_job_runner.py:234} INFO - Task exited with return code 0
[2024-11-08T08:56:10.046+0000] {taskinstance.py:3312} INFO - 1 downstream tasks scheduled from follow-on schedule check
