[2024-11-08T09:01:29.865+0000] {taskinstance.py:1979} INFO - Dependencies all met for dep_context=non-requeueable deps ti=<TaskInstance: etl_csv_file.read_local_csv scheduled__2024-11-07T06:30:00+00:00 [queued]>
[2024-11-08T09:01:29.882+0000] {taskinstance.py:1979} INFO - Dependencies all met for dep_context=requeueable deps ti=<TaskInstance: etl_csv_file.read_local_csv scheduled__2024-11-07T06:30:00+00:00 [queued]>
[2024-11-08T09:01:29.882+0000] {taskinstance.py:2193} INFO - Starting attempt 1 of 1
[2024-11-08T09:01:29.928+0000] {taskinstance.py:2217} INFO - Executing <Task(_PythonDecoratedOperator): read_local_csv> on 2024-11-07 06:30:00+00:00
[2024-11-08T09:01:29.936+0000] {standard_task_runner.py:60} INFO - Started process 274 to run task
[2024-11-08T09:01:29.941+0000] {standard_task_runner.py:87} INFO - Running: ['airflow', 'tasks', 'run', 'etl_csv_file', 'read_local_csv', 'scheduled__2024-11-07T06:30:00+00:00', '--job-id', '6', '--raw', '--subdir', 'DAGS_FOLDER/etl_csv_file.py', '--cfg-path', '/tmp/tmp7v9481z7']
[2024-11-08T09:01:29.944+0000] {standard_task_runner.py:88} INFO - Job 6: Subtask read_local_csv
[2024-11-08T09:01:30.014+0000] {task_command.py:423} INFO - Running <TaskInstance: etl_csv_file.read_local_csv scheduled__2024-11-07T06:30:00+00:00 [running]> on host f66859b21ee4
[2024-11-08T09:01:30.138+0000] {taskinstance.py:2513} INFO - Exporting env vars: AIRFLOW_CTX_DAG_OWNER='Satrio' AIRFLOW_CTX_DAG_ID='etl_csv_file' AIRFLOW_CTX_TASK_ID='read_local_csv' AIRFLOW_CTX_EXECUTION_DATE='2024-11-07T06:30:00+00:00' AIRFLOW_CTX_TRY_NUMBER='1' AIRFLOW_CTX_DAG_RUN_ID='scheduled__2024-11-07T06:30:00+00:00'
[2024-11-08T09:01:30.196+0000] {logging_mixin.py:188} INFO - Sample data :
[2024-11-08T09:01:30.236+0000] {logging_mixin.py:188} INFO -    Unnamed: 0  Invoice Id  ... Operating Margin  Sales Method
0           0           1  ...               50      In-store
1           1           2  ...               30      In-store
2           2           3  ...               35      In-store
3           3           4  ...               35      In-store
4           4           5  ...               30      In-store

[5 rows x 15 columns]
[2024-11-08T09:01:30.499+0000] {python.py:202} INFO - Done. Returned value was: None
[2024-11-08T09:01:30.523+0000] {taskinstance.py:1149} INFO - Marking task as SUCCESS. dag_id=etl_csv_file, task_id=read_local_csv, execution_date=20241107T063000, start_date=20241108T090129, end_date=20241108T090130
[2024-11-08T09:01:30.596+0000] {local_task_job_runner.py:234} INFO - Task exited with return code 0
[2024-11-08T09:01:30.710+0000] {taskinstance.py:3312} INFO - 1 downstream tasks scheduled from follow-on schedule check
